<?xml version="1.0" encoding="UTF-8"?>
<testsuite name="TestePortaria$teste" tests="1" skipped="0" failures="0" errors="0" timestamp="2022-12-02T14:51:08" hostname="WGOD-ALP-NO0015" time="0.027">
  <properties/>
  <testcase name="Testa os cenarios da portaria" classname="TestePortaria$teste" time="0.027"/>
  <system-out><![CDATA[]]></system-out>
  <system-err><![CDATA[]]></system-err>
</testsuite>
